Performing C SOURCE FILE Test HAVE_GCC_PREFERRED_STACK_BOUNDARY failed with the following output:
Change Dir: /Users/mquintero/Projects/Personal/GameDeveloping/opengl_boilerplate/build/CMakeFiles/CMakeTmp

Run Build Command:"/usr/bin/make" "cmTC_1aff4/fast"
/Applications/Xcode.app/Contents/Developer/usr/bin/make -f CMakeFiles/cmTC_1aff4.dir/build.make CMakeFiles/cmTC_1aff4.dir/build
Building C object CMakeFiles/cmTC_1aff4.dir/src.c.o
/Applications/Xcode.app/Contents/Developer/Toolchains/XcodeDefault.xctoolchain/usr/bin/cc    -g -O3 -DHAVE_GCC_PREFERRED_STACK_BOUNDARY -mpreferred-stack-boundary=2   -o CMakeFiles/cmTC_1aff4.dir/src.c.o   -c /Users/mquintero/Projects/Personal/GameDeveloping/opengl_boilerplate/build/CMakeFiles/CMakeTmp/src.c
clang: error: unknown argument: '-mpreferred-stack-boundary=2'
make[1]: *** [CMakeFiles/cmTC_1aff4.dir/src.c.o] Error 1
make: *** [cmTC_1aff4/fast] Error 2

Source file was:
int x = 0; int main(int argc, char **argv) {}
Performing C SOURCE FILE Test HAVE_NO_UNDEFINED failed with the following output:
Change Dir: /Users/mquintero/Projects/Personal/GameDeveloping/opengl_boilerplate/build/CMakeFiles/CMakeTmp

Run Build Command:"/usr/bin/make" "cmTC_cc727/fast"
/Applications/Xcode.app/Contents/Developer/usr/bin/make -f CMakeFiles/cmTC_cc727.dir/build.make CMakeFiles/cmTC_cc727.dir/build
Building C object CMakeFiles/cmTC_cc727.dir/src.c.o
/Applications/Xcode.app/Contents/Developer/Toolchains/XcodeDefault.xctoolchain/usr/bin/cc    -g -O3 -DHAVE_NO_UNDEFINED -Wl,--no-undefined   -o CMakeFiles/cmTC_cc727.dir/src.c.o   -c /Users/mquintero/Projects/Personal/GameDeveloping/opengl_boilerplate/build/CMakeFiles/CMakeTmp/src.c
clang: warning: -Wl,--no-undefined: 'linker' input unused
Linking C executable cmTC_cc727
/Applications/CMake.app/Contents/bin/cmake -E cmake_link_script CMakeFiles/cmTC_cc727.dir/link.txt --verbose=1
/Applications/Xcode.app/Contents/Developer/Toolchains/XcodeDefault.xctoolchain/usr/bin/cc  -g -O3 -DHAVE_NO_UNDEFINED -Wl,--no-undefined -Wl,-search_paths_first -Wl,-headerpad_max_install_names   CMakeFiles/cmTC_cc727.dir/src.c.o  -o cmTC_cc727  
ld: unknown option: --no-undefined
clang: error: linker command failed with exit code 1 (use -v to see invocation)
make[1]: *** [cmTC_cc727] Error 1
make: *** [cmTC_cc727/fast] Error 2

Source file was:
int main(void) { return 0; }
Performing C SOURCE FILE Test HAVE_ALTIVEC_H_HDR failed with the following output:
Change Dir: /Users/mquintero/Projects/Personal/GameDeveloping/opengl_boilerplate/build/CMakeFiles/CMakeTmp

Run Build Command:"/usr/bin/make" "cmTC_2236d/fast"
/Applications/Xcode.app/Contents/Developer/usr/bin/make -f CMakeFiles/cmTC_2236d.dir/build.make CMakeFiles/cmTC_2236d.dir/build
Building C object CMakeFiles/cmTC_2236d.dir/src.c.o
/Applications/Xcode.app/Contents/Developer/Toolchains/XcodeDefault.xctoolchain/usr/bin/cc    -g -O3 -DHAVE_ALTIVEC_H_HDR -maltivec   -o CMakeFiles/cmTC_2236d.dir/src.c.o   -c /Users/mquintero/Projects/Personal/GameDeveloping/opengl_boilerplate/build/CMakeFiles/CMakeTmp/src.c
clang: error: invalid argument '-faltivec' only allowed with 'ppc/ppc64/ppc64le'
make[1]: *** [CMakeFiles/cmTC_2236d.dir/src.c.o] Error 1
make: *** [cmTC_2236d/fast] Error 2

Source file was:

          #include <altivec.h>
          vector unsigned int vzero() {
              return vec_splat_u32(0);
          }
          int main(int argc, char **argv) { }
Performing C SOURCE FILE Test HAVE_ALTIVEC failed with the following output:
Change Dir: /Users/mquintero/Projects/Personal/GameDeveloping/opengl_boilerplate/build/CMakeFiles/CMakeTmp

Run Build Command:"/usr/bin/make" "cmTC_83012/fast"
/Applications/Xcode.app/Contents/Developer/usr/bin/make -f CMakeFiles/cmTC_83012.dir/build.make CMakeFiles/cmTC_83012.dir/build
Building C object CMakeFiles/cmTC_83012.dir/src.c.o
/Applications/Xcode.app/Contents/Developer/Toolchains/XcodeDefault.xctoolchain/usr/bin/cc    -g -O3 -DHAVE_ALTIVEC -maltivec   -o CMakeFiles/cmTC_83012.dir/src.c.o   -c /Users/mquintero/Projects/Personal/GameDeveloping/opengl_boilerplate/build/CMakeFiles/CMakeTmp/src.c
clang: error: invalid argument '-faltivec' only allowed with 'ppc/ppc64/ppc64le'
make[1]: *** [CMakeFiles/cmTC_83012.dir/src.c.o] Error 1
make: *** [cmTC_83012/fast] Error 2

Source file was:

          vector unsigned int vzero() {
              return vec_splat_u32(0);
          }
          int main(int argc, char **argv) { }
Determining if the include file malloc.h exists failed with the following output:
Change Dir: /Users/mquintero/Projects/Personal/GameDeveloping/opengl_boilerplate/build/CMakeFiles/CMakeTmp

Run Build Command:"/usr/bin/make" "cmTC_191b5/fast"
/Applications/Xcode.app/Contents/Developer/usr/bin/make -f CMakeFiles/cmTC_191b5.dir/build.make CMakeFiles/cmTC_191b5.dir/build
Building C object CMakeFiles/cmTC_191b5.dir/CheckIncludeFile.c.o
/Applications/Xcode.app/Contents/Developer/Toolchains/XcodeDefault.xctoolchain/usr/bin/cc    -g -O3    -o CMakeFiles/cmTC_191b5.dir/CheckIncludeFile.c.o   -c /Users/mquintero/Projects/Personal/GameDeveloping/opengl_boilerplate/build/CMakeFiles/CMakeTmp/CheckIncludeFile.c
/Users/mquintero/Projects/Personal/GameDeveloping/opengl_boilerplate/build/CMakeFiles/CMakeTmp/CheckIncludeFile.c:1:10: fatal error: 'malloc.h' file not found
#include <malloc.h>
         ^
1 error generated.
make[1]: *** [CMakeFiles/cmTC_191b5.dir/CheckIncludeFile.c.o] Error 1
make: *** [cmTC_191b5/fast] Error 2


Determining if the function _strrev exists failed with the following output:
Change Dir: /Users/mquintero/Projects/Personal/GameDeveloping/opengl_boilerplate/build/CMakeFiles/CMakeTmp

Run Build Command:"/usr/bin/make" "cmTC_81bd2/fast"
/Applications/Xcode.app/Contents/Developer/usr/bin/make -f CMakeFiles/cmTC_81bd2.dir/build.make CMakeFiles/cmTC_81bd2.dir/build
Building C object CMakeFiles/cmTC_81bd2.dir/CheckFunctionExists.c.o
/Applications/Xcode.app/Contents/Developer/Toolchains/XcodeDefault.xctoolchain/usr/bin/cc    -g -O3 -DCHECK_FUNCTION_EXISTS=_strrev   -o CMakeFiles/cmTC_81bd2.dir/CheckFunctionExists.c.o   -c /Applications/CMake.app/Contents/share/cmake-3.6/Modules/CheckFunctionExists.c
Linking C executable cmTC_81bd2
/Applications/CMake.app/Contents/bin/cmake -E cmake_link_script CMakeFiles/cmTC_81bd2.dir/link.txt --verbose=1
/Applications/Xcode.app/Contents/Developer/Toolchains/XcodeDefault.xctoolchain/usr/bin/cc  -g -O3 -DCHECK_FUNCTION_EXISTS=_strrev -Wl,-search_paths_first -Wl,-headerpad_max_install_names   CMakeFiles/cmTC_81bd2.dir/CheckFunctionExists.c.o  -o cmTC_81bd2  
Undefined symbols for architecture x86_64:
  "__strrev", referenced from:
      _main in CheckFunctionExists.c.o
ld: symbol(s) not found for architecture x86_64
clang: error: linker command failed with exit code 1 (use -v to see invocation)
make[1]: *** [cmTC_81bd2] Error 1
make: *** [cmTC_81bd2/fast] Error 2


Determining if the function _strupr exists failed with the following output:
Change Dir: /Users/mquintero/Projects/Personal/GameDeveloping/opengl_boilerplate/build/CMakeFiles/CMakeTmp

Run Build Command:"/usr/bin/make" "cmTC_2d8db/fast"
/Applications/Xcode.app/Contents/Developer/usr/bin/make -f CMakeFiles/cmTC_2d8db.dir/build.make CMakeFiles/cmTC_2d8db.dir/build
Building C object CMakeFiles/cmTC_2d8db.dir/CheckFunctionExists.c.o
/Applications/Xcode.app/Contents/Developer/Toolchains/XcodeDefault.xctoolchain/usr/bin/cc    -g -O3 -DCHECK_FUNCTION_EXISTS=_strupr   -o CMakeFiles/cmTC_2d8db.dir/CheckFunctionExists.c.o   -c /Applications/CMake.app/Contents/share/cmake-3.6/Modules/CheckFunctionExists.c
Linking C executable cmTC_2d8db
/Applications/CMake.app/Contents/bin/cmake -E cmake_link_script CMakeFiles/cmTC_2d8db.dir/link.txt --verbose=1
/Applications/Xcode.app/Contents/Developer/Toolchains/XcodeDefault.xctoolchain/usr/bin/cc  -g -O3 -DCHECK_FUNCTION_EXISTS=_strupr -Wl,-search_paths_first -Wl,-headerpad_max_install_names   CMakeFiles/cmTC_2d8db.dir/CheckFunctionExists.c.o  -o cmTC_2d8db  
Undefined symbols for architecture x86_64:
  "__strupr", referenced from:
      _main in CheckFunctionExists.c.o
ld: symbol(s) not found for architecture x86_64
clang: error: linker command failed with exit code 1 (use -v to see invocation)
make[1]: *** [cmTC_2d8db] Error 1
make: *** [cmTC_2d8db/fast] Error 2


Determining if the function _strlwr exists failed with the following output:
Change Dir: /Users/mquintero/Projects/Personal/GameDeveloping/opengl_boilerplate/build/CMakeFiles/CMakeTmp

Run Build Command:"/usr/bin/make" "cmTC_6a093/fast"
/Applications/Xcode.app/Contents/Developer/usr/bin/make -f CMakeFiles/cmTC_6a093.dir/build.make CMakeFiles/cmTC_6a093.dir/build
Building C object CMakeFiles/cmTC_6a093.dir/CheckFunctionExists.c.o
/Applications/Xcode.app/Contents/Developer/Toolchains/XcodeDefault.xctoolchain/usr/bin/cc    -g -O3 -DCHECK_FUNCTION_EXISTS=_strlwr   -o CMakeFiles/cmTC_6a093.dir/CheckFunctionExists.c.o   -c /Applications/CMake.app/Contents/share/cmake-3.6/Modules/CheckFunctionExists.c
Linking C executable cmTC_6a093
/Applications/CMake.app/Contents/bin/cmake -E cmake_link_script CMakeFiles/cmTC_6a093.dir/link.txt --verbose=1
/Applications/Xcode.app/Contents/Developer/Toolchains/XcodeDefault.xctoolchain/usr/bin/cc  -g -O3 -DCHECK_FUNCTION_EXISTS=_strlwr -Wl,-search_paths_first -Wl,-headerpad_max_install_names   CMakeFiles/cmTC_6a093.dir/CheckFunctionExists.c.o  -o cmTC_6a093  
Undefined symbols for architecture x86_64:
  "__strlwr", referenced from:
      _main in CheckFunctionExists.c.o
ld: symbol(s) not found for architecture x86_64
clang: error: linker command failed with exit code 1 (use -v to see invocation)
make[1]: *** [cmTC_6a093] Error 1
make: *** [cmTC_6a093/fast] Error 2


Determining if the function itoa exists failed with the following output:
Change Dir: /Users/mquintero/Projects/Personal/GameDeveloping/opengl_boilerplate/build/CMakeFiles/CMakeTmp

Run Build Command:"/usr/bin/make" "cmTC_999e4/fast"
/Applications/Xcode.app/Contents/Developer/usr/bin/make -f CMakeFiles/cmTC_999e4.dir/build.make CMakeFiles/cmTC_999e4.dir/build
Building C object CMakeFiles/cmTC_999e4.dir/CheckFunctionExists.c.o
/Applications/Xcode.app/Contents/Developer/Toolchains/XcodeDefault.xctoolchain/usr/bin/cc    -g -O3 -DCHECK_FUNCTION_EXISTS=itoa   -o CMakeFiles/cmTC_999e4.dir/CheckFunctionExists.c.o   -c /Applications/CMake.app/Contents/share/cmake-3.6/Modules/CheckFunctionExists.c
Linking C executable cmTC_999e4
/Applications/CMake.app/Contents/bin/cmake -E cmake_link_script CMakeFiles/cmTC_999e4.dir/link.txt --verbose=1
/Applications/Xcode.app/Contents/Developer/Toolchains/XcodeDefault.xctoolchain/usr/bin/cc  -g -O3 -DCHECK_FUNCTION_EXISTS=itoa -Wl,-search_paths_first -Wl,-headerpad_max_install_names   CMakeFiles/cmTC_999e4.dir/CheckFunctionExists.c.o  -o cmTC_999e4  
Undefined symbols for architecture x86_64:
  "_itoa", referenced from:
      _main in CheckFunctionExists.c.o
ld: symbol(s) not found for architecture x86_64
clang: error: linker command failed with exit code 1 (use -v to see invocation)
make[1]: *** [cmTC_999e4] Error 1
make: *** [cmTC_999e4/fast] Error 2


Determining if the function _ltoa exists failed with the following output:
Change Dir: /Users/mquintero/Projects/Personal/GameDeveloping/opengl_boilerplate/build/CMakeFiles/CMakeTmp

Run Build Command:"/usr/bin/make" "cmTC_d3472/fast"
/Applications/Xcode.app/Contents/Developer/usr/bin/make -f CMakeFiles/cmTC_d3472.dir/build.make CMakeFiles/cmTC_d3472.dir/build
Building C object CMakeFiles/cmTC_d3472.dir/CheckFunctionExists.c.o
/Applications/Xcode.app/Contents/Developer/Toolchains/XcodeDefault.xctoolchain/usr/bin/cc    -g -O3 -DCHECK_FUNCTION_EXISTS=_ltoa   -o CMakeFiles/cmTC_d3472.dir/CheckFunctionExists.c.o   -c /Applications/CMake.app/Contents/share/cmake-3.6/Modules/CheckFunctionExists.c
Linking C executable cmTC_d3472
/Applications/CMake.app/Contents/bin/cmake -E cmake_link_script CMakeFiles/cmTC_d3472.dir/link.txt --verbose=1
/Applications/Xcode.app/Contents/Developer/Toolchains/XcodeDefault.xctoolchain/usr/bin/cc  -g -O3 -DCHECK_FUNCTION_EXISTS=_ltoa -Wl,-search_paths_first -Wl,-headerpad_max_install_names   CMakeFiles/cmTC_d3472.dir/CheckFunctionExists.c.o  -o cmTC_d3472  
Undefined symbols for architecture x86_64:
  "__ltoa", referenced from:
      _main in CheckFunctionExists.c.o
ld: symbol(s) not found for architecture x86_64
clang: error: linker command failed with exit code 1 (use -v to see invocation)
make[1]: *** [cmTC_d3472] Error 1
make: *** [cmTC_d3472/fast] Error 2


Determining if the function _uitoa exists failed with the following output:
Change Dir: /Users/mquintero/Projects/Personal/GameDeveloping/opengl_boilerplate/build/CMakeFiles/CMakeTmp

Run Build Command:"/usr/bin/make" "cmTC_58a43/fast"
/Applications/Xcode.app/Contents/Developer/usr/bin/make -f CMakeFiles/cmTC_58a43.dir/build.make CMakeFiles/cmTC_58a43.dir/build
Building C object CMakeFiles/cmTC_58a43.dir/CheckFunctionExists.c.o
/Applications/Xcode.app/Contents/Developer/Toolchains/XcodeDefault.xctoolchain/usr/bin/cc    -g -O3 -DCHECK_FUNCTION_EXISTS=_uitoa   -o CMakeFiles/cmTC_58a43.dir/CheckFunctionExists.c.o   -c /Applications/CMake.app/Contents/share/cmake-3.6/Modules/CheckFunctionExists.c
Linking C executable cmTC_58a43
/Applications/CMake.app/Contents/bin/cmake -E cmake_link_script CMakeFiles/cmTC_58a43.dir/link.txt --verbose=1
/Applications/Xcode.app/Contents/Developer/Toolchains/XcodeDefault.xctoolchain/usr/bin/cc  -g -O3 -DCHECK_FUNCTION_EXISTS=_uitoa -Wl,-search_paths_first -Wl,-headerpad_max_install_names   CMakeFiles/cmTC_58a43.dir/CheckFunctionExists.c.o  -o cmTC_58a43  
Undefined symbols for architecture x86_64:
  "__uitoa", referenced from:
      _main in CheckFunctionExists.c.o
ld: symbol(s) not found for architecture x86_64
clang: error: linker command failed with exit code 1 (use -v to see invocation)
make[1]: *** [cmTC_58a43] Error 1
make: *** [cmTC_58a43/fast] Error 2


Determining if the function _ultoa exists failed with the following output:
Change Dir: /Users/mquintero/Projects/Personal/GameDeveloping/opengl_boilerplate/build/CMakeFiles/CMakeTmp

Run Build Command:"/usr/bin/make" "cmTC_e9a62/fast"
/Applications/Xcode.app/Contents/Developer/usr/bin/make -f CMakeFiles/cmTC_e9a62.dir/build.make CMakeFiles/cmTC_e9a62.dir/build
Building C object CMakeFiles/cmTC_e9a62.dir/CheckFunctionExists.c.o
/Applications/Xcode.app/Contents/Developer/Toolchains/XcodeDefault.xctoolchain/usr/bin/cc    -g -O3 -DCHECK_FUNCTION_EXISTS=_ultoa   -o CMakeFiles/cmTC_e9a62.dir/CheckFunctionExists.c.o   -c /Applications/CMake.app/Contents/share/cmake-3.6/Modules/CheckFunctionExists.c
Linking C executable cmTC_e9a62
/Applications/CMake.app/Contents/bin/cmake -E cmake_link_script CMakeFiles/cmTC_e9a62.dir/link.txt --verbose=1
/Applications/Xcode.app/Contents/Developer/Toolchains/XcodeDefault.xctoolchain/usr/bin/cc  -g -O3 -DCHECK_FUNCTION_EXISTS=_ultoa -Wl,-search_paths_first -Wl,-headerpad_max_install_names   CMakeFiles/cmTC_e9a62.dir/CheckFunctionExists.c.o  -o cmTC_e9a62  
Undefined symbols for architecture x86_64:
  "__ultoa", referenced from:
      _main in CheckFunctionExists.c.o
ld: symbol(s) not found for architecture x86_64
clang: error: linker command failed with exit code 1 (use -v to see invocation)
make[1]: *** [cmTC_e9a62] Error 1
make: *** [cmTC_e9a62/fast] Error 2


Determining if the function _i64toa exists failed with the following output:
Change Dir: /Users/mquintero/Projects/Personal/GameDeveloping/opengl_boilerplate/build/CMakeFiles/CMakeTmp

Run Build Command:"/usr/bin/make" "cmTC_54a20/fast"
/Applications/Xcode.app/Contents/Developer/usr/bin/make -f CMakeFiles/cmTC_54a20.dir/build.make CMakeFiles/cmTC_54a20.dir/build
Building C object CMakeFiles/cmTC_54a20.dir/CheckFunctionExists.c.o
/Applications/Xcode.app/Contents/Developer/Toolchains/XcodeDefault.xctoolchain/usr/bin/cc    -g -O3 -DCHECK_FUNCTION_EXISTS=_i64toa   -o CMakeFiles/cmTC_54a20.dir/CheckFunctionExists.c.o   -c /Applications/CMake.app/Contents/share/cmake-3.6/Modules/CheckFunctionExists.c
Linking C executable cmTC_54a20
/Applications/CMake.app/Contents/bin/cmake -E cmake_link_script CMakeFiles/cmTC_54a20.dir/link.txt --verbose=1
/Applications/Xcode.app/Contents/Developer/Toolchains/XcodeDefault.xctoolchain/usr/bin/cc  -g -O3 -DCHECK_FUNCTION_EXISTS=_i64toa -Wl,-search_paths_first -Wl,-headerpad_max_install_names   CMakeFiles/cmTC_54a20.dir/CheckFunctionExists.c.o  -o cmTC_54a20  
Undefined symbols for architecture x86_64:
  "__i64toa", referenced from:
      _main in CheckFunctionExists.c.o
ld: symbol(s) not found for architecture x86_64
clang: error: linker command failed with exit code 1 (use -v to see invocation)
make[1]: *** [cmTC_54a20] Error 1
make: *** [cmTC_54a20/fast] Error 2


Determining if the function _ui64toa exists failed with the following output:
Change Dir: /Users/mquintero/Projects/Personal/GameDeveloping/opengl_boilerplate/build/CMakeFiles/CMakeTmp

Run Build Command:"/usr/bin/make" "cmTC_2fde9/fast"
/Applications/Xcode.app/Contents/Developer/usr/bin/make -f CMakeFiles/cmTC_2fde9.dir/build.make CMakeFiles/cmTC_2fde9.dir/build
Building C object CMakeFiles/cmTC_2fde9.dir/CheckFunctionExists.c.o
/Applications/Xcode.app/Contents/Developer/Toolchains/XcodeDefault.xctoolchain/usr/bin/cc    -g -O3 -DCHECK_FUNCTION_EXISTS=_ui64toa   -o CMakeFiles/cmTC_2fde9.dir/CheckFunctionExists.c.o   -c /Applications/CMake.app/Contents/share/cmake-3.6/Modules/CheckFunctionExists.c
Linking C executable cmTC_2fde9
/Applications/CMake.app/Contents/bin/cmake -E cmake_link_script CMakeFiles/cmTC_2fde9.dir/link.txt --verbose=1
/Applications/Xcode.app/Contents/Developer/Toolchains/XcodeDefault.xctoolchain/usr/bin/cc  -g -O3 -DCHECK_FUNCTION_EXISTS=_ui64toa -Wl,-search_paths_first -Wl,-headerpad_max_install_names   CMakeFiles/cmTC_2fde9.dir/CheckFunctionExists.c.o  -o cmTC_2fde9  
Undefined symbols for architecture x86_64:
  "__ui64toa", referenced from:
      _main in CheckFunctionExists.c.o
ld: symbol(s) not found for architecture x86_64
clang: error: linker command failed with exit code 1 (use -v to see invocation)
make[1]: *** [cmTC_2fde9] Error 1
make: *** [cmTC_2fde9/fast] Error 2


Determining if the function _stricmp exists failed with the following output:
Change Dir: /Users/mquintero/Projects/Personal/GameDeveloping/opengl_boilerplate/build/CMakeFiles/CMakeTmp

Run Build Command:"/usr/bin/make" "cmTC_5ebba/fast"
/Applications/Xcode.app/Contents/Developer/usr/bin/make -f CMakeFiles/cmTC_5ebba.dir/build.make CMakeFiles/cmTC_5ebba.dir/build
Building C object CMakeFiles/cmTC_5ebba.dir/CheckFunctionExists.c.o
/Applications/Xcode.app/Contents/Developer/Toolchains/XcodeDefault.xctoolchain/usr/bin/cc    -g -O3 -DCHECK_FUNCTION_EXISTS=_stricmp   -o CMakeFiles/cmTC_5ebba.dir/CheckFunctionExists.c.o   -c /Applications/CMake.app/Contents/share/cmake-3.6/Modules/CheckFunctionExists.c
Linking C executable cmTC_5ebba
/Applications/CMake.app/Contents/bin/cmake -E cmake_link_script CMakeFiles/cmTC_5ebba.dir/link.txt --verbose=1
/Applications/Xcode.app/Contents/Developer/Toolchains/XcodeDefault.xctoolchain/usr/bin/cc  -g -O3 -DCHECK_FUNCTION_EXISTS=_stricmp -Wl,-search_paths_first -Wl,-headerpad_max_install_names   CMakeFiles/cmTC_5ebba.dir/CheckFunctionExists.c.o  -o cmTC_5ebba  
Undefined symbols for architecture x86_64:
  "__stricmp", referenced from:
      _main in CheckFunctionExists.c.o
ld: symbol(s) not found for architecture x86_64
clang: error: linker command failed with exit code 1 (use -v to see invocation)
make[1]: *** [cmTC_5ebba] Error 1
make: *** [cmTC_5ebba/fast] Error 2


Determining if the function _strnicmp exists failed with the following output:
Change Dir: /Users/mquintero/Projects/Personal/GameDeveloping/opengl_boilerplate/build/CMakeFiles/CMakeTmp

Run Build Command:"/usr/bin/make" "cmTC_864a0/fast"
/Applications/Xcode.app/Contents/Developer/usr/bin/make -f CMakeFiles/cmTC_864a0.dir/build.make CMakeFiles/cmTC_864a0.dir/build
Building C object CMakeFiles/cmTC_864a0.dir/CheckFunctionExists.c.o
/Applications/Xcode.app/Contents/Developer/Toolchains/XcodeDefault.xctoolchain/usr/bin/cc    -g -O3 -DCHECK_FUNCTION_EXISTS=_strnicmp   -o CMakeFiles/cmTC_864a0.dir/CheckFunctionExists.c.o   -c /Applications/CMake.app/Contents/share/cmake-3.6/Modules/CheckFunctionExists.c
Linking C executable cmTC_864a0
/Applications/CMake.app/Contents/bin/cmake -E cmake_link_script CMakeFiles/cmTC_864a0.dir/link.txt --verbose=1
/Applications/Xcode.app/Contents/Developer/Toolchains/XcodeDefault.xctoolchain/usr/bin/cc  -g -O3 -DCHECK_FUNCTION_EXISTS=_strnicmp -Wl,-search_paths_first -Wl,-headerpad_max_install_names   CMakeFiles/cmTC_864a0.dir/CheckFunctionExists.c.o  -o cmTC_864a0  
Undefined symbols for architecture x86_64:
  "__strnicmp", referenced from:
      _main in CheckFunctionExists.c.o
ld: symbol(s) not found for architecture x86_64
clang: error: linker command failed with exit code 1 (use -v to see invocation)
make[1]: *** [cmTC_864a0] Error 1
make: *** [cmTC_864a0/fast] Error 2


Determining if the function fseeko64 exists failed with the following output:
Change Dir: /Users/mquintero/Projects/Personal/GameDeveloping/opengl_boilerplate/build/CMakeFiles/CMakeTmp

Run Build Command:"/usr/bin/make" "cmTC_b0b7c/fast"
/Applications/Xcode.app/Contents/Developer/usr/bin/make -f CMakeFiles/cmTC_b0b7c.dir/build.make CMakeFiles/cmTC_b0b7c.dir/build
Building C object CMakeFiles/cmTC_b0b7c.dir/CheckFunctionExists.c.o
/Applications/Xcode.app/Contents/Developer/Toolchains/XcodeDefault.xctoolchain/usr/bin/cc    -g -O3 -DCHECK_FUNCTION_EXISTS=fseeko64   -o CMakeFiles/cmTC_b0b7c.dir/CheckFunctionExists.c.o   -c /Applications/CMake.app/Contents/share/cmake-3.6/Modules/CheckFunctionExists.c
Linking C executable cmTC_b0b7c
/Applications/CMake.app/Contents/bin/cmake -E cmake_link_script CMakeFiles/cmTC_b0b7c.dir/link.txt --verbose=1
/Applications/Xcode.app/Contents/Developer/Toolchains/XcodeDefault.xctoolchain/usr/bin/cc  -g -O3 -DCHECK_FUNCTION_EXISTS=fseeko64 -Wl,-search_paths_first -Wl,-headerpad_max_install_names   CMakeFiles/cmTC_b0b7c.dir/CheckFunctionExists.c.o  -o cmTC_b0b7c  
Undefined symbols for architecture x86_64:
  "_fseeko64", referenced from:
      _main in CheckFunctionExists.c.o
ld: symbol(s) not found for architecture x86_64
clang: error: linker command failed with exit code 1 (use -v to see invocation)
make[1]: *** [cmTC_b0b7c] Error 1
make: *** [cmTC_b0b7c/fast] Error 2


Performing C SOURCE FILE Test HAVE_SEM_TIMEDWAIT failed with the following output:
Change Dir: /Users/mquintero/Projects/Personal/GameDeveloping/opengl_boilerplate/build/CMakeFiles/CMakeTmp

Run Build Command:"/usr/bin/make" "cmTC_2f4ff/fast"
/Applications/Xcode.app/Contents/Developer/usr/bin/make -f CMakeFiles/cmTC_2f4ff.dir/build.make CMakeFiles/cmTC_2f4ff.dir/build
Building C object CMakeFiles/cmTC_2f4ff.dir/src.c.o
/Applications/Xcode.app/Contents/Developer/Toolchains/XcodeDefault.xctoolchain/usr/bin/cc    -g -O3 -DHAVE_SEM_TIMEDWAIT  -D_THREAD_SAFE   -o CMakeFiles/cmTC_2f4ff.dir/src.c.o   -c /Users/mquintero/Projects/Personal/GameDeveloping/opengl_boilerplate/build/CMakeFiles/CMakeTmp/src.c
/Users/mquintero/Projects/Personal/GameDeveloping/opengl_boilerplate/build/CMakeFiles/CMakeTmp/src.c:5:19: warning: implicit declaration of function 'sem_timedwait' is invalid in C99 [-Wimplicit-function-declaration]
                  sem_timedwait(NULL, NULL);
                  ^
1 warning generated.
Linking C executable cmTC_2f4ff
/Applications/CMake.app/Contents/bin/cmake -E cmake_link_script CMakeFiles/cmTC_2f4ff.dir/link.txt --verbose=1
/Applications/Xcode.app/Contents/Developer/Toolchains/XcodeDefault.xctoolchain/usr/bin/cc  -g -O3 -DHAVE_SEM_TIMEDWAIT  -D_THREAD_SAFE -Wl,-search_paths_first -Wl,-headerpad_max_install_names   CMakeFiles/cmTC_2f4ff.dir/src.c.o  -o cmTC_2f4ff  
Undefined symbols for architecture x86_64:
  "_sem_timedwait", referenced from:
      _main in src.c.o
ld: symbol(s) not found for architecture x86_64
clang: error: linker command failed with exit code 1 (use -v to see invocation)
make[1]: *** [cmTC_2f4ff] Error 1
make: *** [cmTC_2f4ff/fast] Error 2

Source file was:

              #include <pthread.h>
              #include <semaphore.h>
              int main(int argc, char **argv) {
                  sem_timedwait(NULL, NULL);
                  return 0;
              }
Performing C SOURCE FILE Test HAVE_PTHREAD_NP_H failed with the following output:
Change Dir: /Users/mquintero/Projects/Personal/GameDeveloping/opengl_boilerplate/build/CMakeFiles/CMakeTmp

Run Build Command:"/usr/bin/make" "cmTC_bca6e/fast"
/Applications/Xcode.app/Contents/Developer/usr/bin/make -f CMakeFiles/cmTC_bca6e.dir/build.make CMakeFiles/cmTC_bca6e.dir/build
Building C object CMakeFiles/cmTC_bca6e.dir/src.c.o
/Applications/Xcode.app/Contents/Developer/Toolchains/XcodeDefault.xctoolchain/usr/bin/cc    -g -O3 -DHAVE_PTHREAD_NP_H  -D_THREAD_SAFE   -o CMakeFiles/cmTC_bca6e.dir/src.c.o   -c /Users/mquintero/Projects/Personal/GameDeveloping/opengl_boilerplate/build/CMakeFiles/CMakeTmp/src.c
/Users/mquintero/Projects/Personal/GameDeveloping/opengl_boilerplate/build/CMakeFiles/CMakeTmp/src.c:3:20: fatal error: 'pthread_np.h' file not found
          #include <pthread_np.h>
                   ^
1 error generated.
make[1]: *** [CMakeFiles/cmTC_bca6e.dir/src.c.o] Error 1
make: *** [cmTC_bca6e/fast] Error 2

Source file was:

          #include <pthread.h>
          #include <pthread_np.h>
          int main(int argc, char** argv) { return 0; }
Determining if the function pthread_set_name_np exists failed with the following output:
Change Dir: /Users/mquintero/Projects/Personal/GameDeveloping/opengl_boilerplate/build/CMakeFiles/CMakeTmp

Run Build Command:"/usr/bin/make" "cmTC_b6a34/fast"
/Applications/Xcode.app/Contents/Developer/usr/bin/make -f CMakeFiles/cmTC_b6a34.dir/build.make CMakeFiles/cmTC_b6a34.dir/build
Building C object CMakeFiles/cmTC_b6a34.dir/CheckFunctionExists.c.o
/Applications/Xcode.app/Contents/Developer/Toolchains/XcodeDefault.xctoolchain/usr/bin/cc    -g -O3 -DCHECK_FUNCTION_EXISTS=pthread_set_name_np  -D_THREAD_SAFE   -o CMakeFiles/cmTC_b6a34.dir/CheckFunctionExists.c.o   -c /Applications/CMake.app/Contents/share/cmake-3.6/Modules/CheckFunctionExists.c
Linking C executable cmTC_b6a34
/Applications/CMake.app/Contents/bin/cmake -E cmake_link_script CMakeFiles/cmTC_b6a34.dir/link.txt --verbose=1
/Applications/Xcode.app/Contents/Developer/Toolchains/XcodeDefault.xctoolchain/usr/bin/cc  -g -O3 -DCHECK_FUNCTION_EXISTS=pthread_set_name_np  -D_THREAD_SAFE -Wl,-search_paths_first -Wl,-headerpad_max_install_names   CMakeFiles/cmTC_b6a34.dir/CheckFunctionExists.c.o  -o cmTC_b6a34  
Undefined symbols for architecture x86_64:
  "_pthread_set_name_np", referenced from:
      _main in CheckFunctionExists.c.o
ld: symbol(s) not found for architecture x86_64
clang: error: linker command failed with exit code 1 (use -v to see invocation)
make[1]: *** [cmTC_b6a34] Error 1
make: *** [cmTC_b6a34/fast] Error 2


